Mon Feb 05 2018 12:15:51 GMT-0800 (Pacific Standard Time): GET /main.js
Mon Feb 05 2018 12:18:06 GMT-0800 (Pacific Standard Time): GET //n
Mon Feb 05 2018 12:18:06 GMT-0800 (Pacific Standard Time): GET /main.css/n
Mon Feb 05 2018 12:18:06 GMT-0800 (Pacific Standard Time): GET /main.js/n
Mon Feb 05 2018 12:19:01 GMT-0800 (Pacific Standard Time): GET /
Mon Feb 05 2018 12:19:01 GMT-0800 (Pacific Standard Time): GET /main.css
Mon Feb 05 2018 12:19:01 GMT-0800 (Pacific Standard Time): GET /main.js
Mon Feb 05 2018 12:22:48 GMT-0800 (Pacific Standard Time): GET /
Mon Feb 05 2018 12:22:48 GMT-0800 (Pacific Standard Time): GET /main.css
Mon Feb 05 2018 12:22:48 GMT-0800 (Pacific Standard Time): GET /main.js
Mon Feb 05 2018 12:23:38 GMT-0800 (Pacific Standard Time): GET /
Mon Feb 05 2018 12:23:38 GMT-0800 (Pacific Standard Time): GET /main.css
Mon Feb 05 2018 12:23:38 GMT-0800 (Pacific Standard Time): GET /main.js
Mon Feb 05 2018 12:25:06 GMT-0800 (Pacific Standard Time): GET /
Mon Feb 05 2018 12:25:06 GMT-0800 (Pacific Standard Time): GET /main.css
Mon Feb 05 2018 12:25:06 GMT-0800 (Pacific Standard Time): GET /main.js
Mon Feb 05 2018 13:23:47 GMT-0800 (Pacific Standard Time): GET /
Mon Feb 05 2018 13:23:47 GMT-0800 (Pacific Standard Time): GET /main.css
Mon Feb 05 2018 13:23:47 GMT-0800 (Pacific Standard Time): GET /main.js
Mon Feb 05 2018 13:23:50 GMT-0800 (Pacific Standard Time): GET /about
Mon Feb 05 2018 13:23:50 GMT-0800 (Pacific Standard Time): GET /main.css
Mon Feb 05 2018 13:23:50 GMT-0800 (Pacific Standard Time): GET /main.js
Mon Feb 05 2018 13:23:58 GMT-0800 (Pacific Standard Time): GET /maintenance
Mon Feb 05 2018 13:28:21 GMT-0800 (Pacific Standard Time): GET /maintenance
Mon Feb 05 2018 13:29:27 GMT-0800 (Pacific Standard Time): GET /maintenance
Mon Feb 05 2018 13:30:09 GMT-0800 (Pacific Standard Time): GET /maintenance
Mon Feb 05 2018 13:30:09 GMT-0800 (Pacific Standard Time): GET /main.css
Mon Feb 05 2018 13:30:09 GMT-0800 (Pacific Standard Time): GET /main.js
Mon Feb 05 2018 13:30:21 GMT-0800 (Pacific Standard Time): GET /maintenance
Mon Feb 05 2018 13:30:21 GMT-0800 (Pacific Standard Time): GET /main.css
Mon Feb 05 2018 13:30:21 GMT-0800 (Pacific Standard Time): GET /main.js
Mon Feb 05 2018 13:32:42 GMT-0800 (Pacific Standard Time): GET /maintenance
Mon Feb 05 2018 13:32:42 GMT-0800 (Pacific Standard Time): GET /main.css
Mon Feb 05 2018 13:32:42 GMT-0800 (Pacific Standard Time): GET /main.js
Mon Feb 05 2018 13:32:44 GMT-0800 (Pacific Standard Time): GET /maintenance
Mon Feb 05 2018 13:32:44 GMT-0800 (Pacific Standard Time): GET /main.css
Mon Feb 05 2018 13:32:44 GMT-0800 (Pacific Standard Time): GET /main.js
Mon Feb 05 2018 13:33:17 GMT-0800 (Pacific Standard Time): GET /maintenance
Mon Feb 05 2018 13:33:17 GMT-0800 (Pacific Standard Time): GET /main.css
Mon Feb 05 2018 13:33:17 GMT-0800 (Pacific Standard Time): GET /main.js
Mon Feb 05 2018 13:36:50 GMT-0800 (Pacific Standard Time): GET /maintenance
Mon Feb 05 2018 13:36:50 GMT-0800 (Pacific Standard Time): GET /main.css
Mon Feb 05 2018 13:36:50 GMT-0800 (Pacific Standard Time): GET /main.js
Mon Feb 05 2018 13:37:01 GMT-0800 (Pacific Standard Time): GET /
Mon Feb 05 2018 13:37:01 GMT-0800 (Pacific Standard Time): GET /main.css
Mon Feb 05 2018 13:37:01 GMT-0800 (Pacific Standard Time): GET /main.js
Mon Feb 05 2018 13:37:05 GMT-0800 (Pacific Standard Time): GET /
Mon Feb 05 2018 13:37:05 GMT-0800 (Pacific Standard Time): GET /main.css
Mon Feb 05 2018 13:37:05 GMT-0800 (Pacific Standard Time): GET /main.js
Mon Feb 05 2018 13:41:23 GMT-0800 (Pacific Standard Time): GET /
Mon Feb 05 2018 13:41:23 GMT-0800 (Pacific Standard Time): GET /main.css
Mon Feb 05 2018 13:41:23 GMT-0800 (Pacific Standard Time): GET /main.js
Mon Feb 05 2018 13:41:34 GMT-0800 (Pacific Standard Time): GET /help.html
Mon Feb 05 2018 13:41:34 GMT-0800 (Pacific Standard Time): GET /main.css
Mon Feb 05 2018 13:41:34 GMT-0800 (Pacific Standard Time): GET /main.js
Tue Feb 06 2018 08:17:14 GMT-0800 (Pacific Standard Time): GET /favicon.ico
Tue Feb 13 2018 09:12:37 GMT-0800 (Pacific Standard Time): GET /
Tue Feb 13 2018 09:12:37 GMT-0800 (Pacific Standard Time): GET /main.js
Tue Feb 13 2018 09:12:37 GMT-0800 (Pacific Standard Time): GET /main.css
Tue Feb 13 2018 09:12:37 GMT-0800 (Pacific Standard Time): GET /favicon.ico
Thu Feb 15 2018 04:05:53 GMT-0800 (Pacific Standard Time): GET /projects
Thu Feb 15 2018 04:05:54 GMT-0800 (Pacific Standard Time): GET /favicon.ico
Thu Feb 15 2018 04:06:08 GMT-0800 (Pacific Standard Time): GET /project
Thu Feb 15 2018 04:06:08 GMT-0800 (Pacific Standard Time): GET /main.css
Thu Feb 15 2018 04:06:08 GMT-0800 (Pacific Standard Time): GET /main.js
Thu Feb 15 2018 04:07:45 GMT-0800 (Pacific Standard Time): GET /project
Thu Feb 15 2018 04:07:45 GMT-0800 (Pacific Standard Time): GET /main.css
Thu Feb 15 2018 04:07:45 GMT-0800 (Pacific Standard Time): GET /main.js
Thu Feb 15 2018 04:07:49 GMT-0800 (Pacific Standard Time): GET /project
Thu Feb 15 2018 04:07:49 GMT-0800 (Pacific Standard Time): GET /main.css
Thu Feb 15 2018 04:07:49 GMT-0800 (Pacific Standard Time): GET /main.js
Thu Feb 15 2018 04:07:50 GMT-0800 (Pacific Standard Time): GET /project
Thu Feb 15 2018 04:07:50 GMT-0800 (Pacific Standard Time): GET /main.css
Thu Feb 15 2018 04:07:50 GMT-0800 (Pacific Standard Time): GET /main.js
Thu Feb 15 2018 04:07:53 GMT-0800 (Pacific Standard Time): GET /
Thu Feb 15 2018 04:07:53 GMT-0800 (Pacific Standard Time): GET /main.css
Thu Feb 15 2018 04:07:53 GMT-0800 (Pacific Standard Time): GET /main.js
Thu Feb 15 2018 04:07:57 GMT-0800 (Pacific Standard Time): GET /about
Thu Feb 15 2018 04:07:57 GMT-0800 (Pacific Standard Time): GET /main.css
Thu Feb 15 2018 04:07:57 GMT-0800 (Pacific Standard Time): GET /main.js
Thu Feb 15 2018 04:08:04 GMT-0800 (Pacific Standard Time): GET /project
Thu Feb 15 2018 04:08:04 GMT-0800 (Pacific Standard Time): GET /main.css
Thu Feb 15 2018 04:08:04 GMT-0800 (Pacific Standard Time): GET /main.js
Thu Feb 15 2018 04:11:40 GMT-0800 (Pacific Standard Time): GET /project
Thu Feb 15 2018 04:11:40 GMT-0800 (Pacific Standard Time): GET /main.css
Thu Feb 15 2018 04:11:40 GMT-0800 (Pacific Standard Time): GET /main.js
